TN:
SF:src/data/constants.js
FNF:0
FNH:0
DA:1,1
DA:3,1
DA:4,1
DA:5,1
DA:7,1
DA:8,1
DA:9,1
DA:10,1
DA:11,1
DA:13,1
DA:14,1
DA:15,1
DA:16,1
DA:17,1
DA:19,1
DA:20,1
DA:21,1
DA:22,1
DA:23,1
DA:24,1
DA:25,1
DA:26,1
DA:27,1
DA:29,1
DA:30,1
DA:31,1
DA:32,1
DA:33,1
DA:35,1
DA:36,1
DA:37,1
DA:38,1
DA:39,1
DA:40,1
DA:42,1
DA:43,1
DA:44,1
DA:45,1
LF:38
LH:38
BRF:0
BRH:0
end_of_record
TN:
SF:src/data/historicalThresholds.js
FN:73,getThresholdLabel
FN:87,getSurvivalColor
FNF:2
FNH:2
FNDA:40,getThresholdLabel
FNDA:61,getSurvivalColor
DA:1,1
DA:2,1
DA:4,1
DA:5,1
DA:6,1
DA:7,1
DA:8,1
DA:9,1
DA:10,1
DA:11,1
DA:12,1
DA:13,1
DA:14,1
DA:15,1
DA:16,1
DA:17,1
DA:18,1
DA:19,1
DA:20,1
DA:21,1
DA:22,1
DA:23,1
DA:24,1
DA:25,1
DA:26,1
DA:27,1
DA:28,1
DA:29,1
DA:30,1
DA:31,1
DA:32,1
DA:33,1
DA:34,1
DA:35,1
DA:36,1
DA:37,1
DA:38,1
DA:39,1
DA:40,1
DA:41,1
DA:42,1
DA:43,1
DA:44,1
DA:45,1
DA:46,1
DA:47,1
DA:48,1
DA:49,1
DA:50,1
DA:51,1
DA:52,1
DA:53,1
DA:54,1
DA:55,1
DA:56,1
DA:57,1
DA:58,1
DA:59,1
DA:60,1
DA:61,1
DA:62,1
DA:63,1
DA:64,1
DA:65,1
DA:66,1
DA:67,1
DA:68,1
DA:69,1
DA:70,1
DA:71,1
DA:73,1
DA:74,40
DA:75,40
DA:76,40
DA:77,40
DA:78,40
DA:79,40
DA:80,40
DA:81,40
DA:82,40
DA:83,40
DA:84,10
DA:85,10
DA:87,1
DA:88,61
DA:89,61
DA:90,26
DA:91,26
LF:88
LH:88
BRDA:73,0,0,40
BRDA:74,1,0,17
BRDA:74,2,0,23
BRDA:75,3,0,0
BRDA:75,4,0,23
BRDA:76,5,0,1
BRDA:76,6,0,22
BRDA:77,7,0,4
BRDA:77,8,0,18
BRDA:78,9,0,2
BRDA:78,10,0,16
BRDA:79,11,0,0
BRDA:79,12,0,16
BRDA:80,13,0,4
BRDA:80,14,0,12
BRDA:81,15,0,1
BRDA:81,16,0,11
BRDA:82,17,0,1
BRDA:82,18,0,10
BRDA:83,19,0,0
BRDA:83,20,0,10
BRDA:87,21,0,61
BRDA:88,22,0,22
BRDA:88,23,0,39
BRDA:89,24,0,13
BRDA:89,25,0,26
BRF:26
BRH:23
end_of_record
TN:
SF:src/data/teams.js
FN:206,getTeamBySlug
FN:210,getTeamById
FN:214,getAllTeams
FNF:3
FNH:3
FNDA:5,getTeamBySlug
FNDA:22,getTeamById
FNDA:1,getAllTeams
DA:1,1
DA:3,1
DA:4,1
DA:5,1
DA:6,1
DA:7,1
DA:8,1
DA:9,1
DA:10,1
DA:11,1
DA:12,1
DA:13,1
DA:14,1
DA:15,1
DA:16,1
DA:17,1
DA:18,1
DA:19,1
DA:20,1
DA:21,1
DA:22,1
DA:23,1
DA:24,1
DA:25,1
DA:26,1
DA:27,1
DA:28,1
DA:29,1
DA:30,1
DA:31,1
DA:32,1
DA:33,1
DA:34,1
DA:35,1
DA:36,1
DA:37,1
DA:38,1
DA:39,1
DA:40,1
DA:41,1
DA:42,1
DA:43,1
DA:44,1
DA:45,1
DA:46,1
DA:47,1
DA:48,1
DA:49,1
DA:50,1
DA:51,1
DA:52,1
DA:53,1
DA:54,1
DA:55,1
DA:56,1
DA:57,1
DA:58,1
DA:59,1
DA:60,1
DA:61,1
DA:62,1
DA:63,1
DA:64,1
DA:65,1
DA:66,1
DA:67,1
DA:68,1
DA:69,1
DA:70,1
DA:71,1
DA:72,1
DA:73,1
DA:74,1
DA:75,1
DA:76,1
DA:77,1
DA:78,1
DA:79,1
DA:80,1
DA:81,1
DA:82,1
DA:83,1
DA:84,1
DA:85,1
DA:86,1
DA:87,1
DA:88,1
DA:89,1
DA:90,1
DA:91,1
DA:92,1
DA:93,1
DA:94,1
DA:95,1
DA:96,1
DA:97,1
DA:98,1
DA:99,1
DA:100,1
DA:101,1
DA:102,1
DA:103,1
DA:104,1
DA:105,1
DA:106,1
DA:107,1
DA:108,1
DA:109,1
DA:110,1
DA:111,1
DA:112,1
DA:113,1
DA:114,1
DA:115,1
DA:116,1
DA:117,1
DA:118,1
DA:119,1
DA:120,1
DA:121,1
DA:122,1
DA:123,1
DA:124,1
DA:125,1
DA:126,1
DA:127,1
DA:128,1
DA:129,1
DA:130,1
DA:131,1
DA:132,1
DA:133,1
DA:134,1
DA:135,1
DA:136,1
DA:137,1
DA:138,1
DA:139,1
DA:140,1
DA:141,1
DA:142,1
DA:143,1
DA:144,1
DA:145,1
DA:146,1
DA:147,1
DA:148,1
DA:149,1
DA:150,1
DA:151,1
DA:152,1
DA:153,1
DA:154,1
DA:155,1
DA:156,1
DA:157,1
DA:158,1
DA:159,1
DA:160,1
DA:161,1
DA:162,1
DA:163,1
DA:164,1
DA:165,1
DA:166,1
DA:167,1
DA:168,1
DA:169,1
DA:170,1
DA:171,1
DA:172,1
DA:173,1
DA:174,1
DA:175,1
DA:176,1
DA:177,1
DA:178,1
DA:179,1
DA:180,1
DA:181,1
DA:182,1
DA:183,1
DA:184,1
DA:185,1
DA:186,1
DA:187,1
DA:188,1
DA:189,1
DA:190,1
DA:191,1
DA:192,1
DA:193,1
DA:194,1
DA:195,1
DA:196,1
DA:197,1
DA:198,1
DA:199,1
DA:200,1
DA:201,1
DA:202,1
DA:203,1
DA:204,1
DA:206,1
DA:207,5
DA:208,5
DA:210,1
DA:211,22
DA:212,22
DA:214,1
DA:215,1
DA:216,1
DA:218,1
DA:219,1
DA:220,20
DA:221,20
DA:222,1
LF:217
LH:217
BRDA:206,0,0,5
BRDA:207,1,0,72
BRDA:210,2,0,22
BRDA:211,3,0,231
BRDA:214,4,0,1
BRDA:219,5,0,20
BRF:6
BRH:6
end_of_record
TN:
SF:src/lib/matchSimulation.js
FN:5,simulateMatch
FN:48,applyMatchResult
FN:87,clamp
FNF:3
FNH:3
FNDA:280627,simulateMatch
FNDA:290034,applyMatchResult
FNDA:280602,clamp
DA:1,1
DA:5,1
DA:6,280627
DA:7,25
DA:8,25
DA:10,280602
DA:11,280602
DA:13,280602
DA:14,280602
DA:16,280602
DA:17,280602
DA:18,280602
DA:19,280602
DA:20,280602
DA:21,280602
DA:22,280602
DA:24,280602
DA:25,280602
DA:26,280602
DA:27,280602
DA:28,280602
DA:29,280602
DA:31,280602
DA:32,280602
DA:34,280602
DA:35,280602
DA:36,280602
DA:37,280602
DA:38,280602
DA:40,280602
DA:41,280602
DA:43,280627
DA:44,280627
DA:45,108329
DA:46,108329
DA:48,1
DA:49,290034
DA:50,2
DA:51,2
DA:53,290032
DA:54,290032
DA:55,290032
DA:57,290034
DA:58,2
DA:59,2
DA:61,290030
DA:62,290034
DA:63,113600
DA:64,113600
DA:65,113600
DA:66,113600
DA:67,290034
DA:68,68261
DA:69,68261
DA:70,68261
DA:71,68261
DA:72,68261
DA:73,176430
DA:74,108169
DA:75,108169
DA:76,108169
DA:77,108169
DA:78,108169
DA:80,290030
DA:81,290030
DA:82,290030
DA:84,290030
DA:85,290030
DA:87,280602
DA:88,280602
DA:89,280602
LF:71
LH:71
BRDA:5,0,0,280627
BRDA:6,1,0,280626
BRDA:6,2,0,280625
BRDA:6,3,0,280602
BRDA:6,4,0,25
BRDA:8,5,0,280602
BRDA:43,6,0,103898
BRDA:43,7,0,176704
BRDA:44,8,0,68375
BRDA:44,9,0,108329
BRDA:48,10,0,290034
BRDA:49,11,0,290033
BRDA:49,12,0,2
BRDA:51,13,0,290032
BRDA:57,14,0,290031
BRDA:57,15,0,2
BRDA:59,16,0,290030
BRDA:62,17,0,113600
BRDA:67,18,0,176430
BRDA:67,19,0,68261
BRDA:73,20,0,108169
BRDA:78,21,0,290030
BRDA:54,22,0,590078
BRDA:55,23,0,670089
BRDA:87,24,0,280602
BRF:25
BRH:25
end_of_record
TN:
SF:src/lib/simulation.js
FN:8,runSurvivalSimulation
FN:94,getTeamFixtures
FN:107,getTeamStanding
FNF:3
FNH:3
FNDA:17,runSurvivalSimulation
FNDA:7,getTeamFixtures
FNDA:12,getTeamStanding
DA:1,1
DA:2,1
DA:8,1
DA:9,17
DA:10,17
DA:11,17
DA:12,17
DA:13,17
DA:14,13
DA:15,17
DA:16,5
DA:17,5
DA:18,5
DA:20,12
DA:21,12
DA:23,17
DA:24,3
DA:25,3
DA:26,3
DA:27,3
DA:29,9
DA:30,9
DA:32,9
DA:33,9
DA:35,17
DA:36,90000
DA:37,90000
DA:39,90000
DA:40,90000
DA:41,300000
DA:42,300000
DA:43,300000
DA:45,300000
DA:46,10000
DA:47,10000
DA:48,300000
DA:49,290000
DA:50,290000
DA:51,290000
DA:53,290000
DA:54,10000
DA:55,10000
DA:56,10000
DA:57,10000
DA:58,10000
DA:59,10000
DA:61,280000
DA:62,280000
DA:64,290000
DA:65,290000
DA:66,290000
DA:68,300000
DA:69,290000
DA:70,290000
DA:71,300000
DA:73,90000
DA:74,90000
DA:75,807469
DA:76,5397
DA:77,0
DA:78,90000
DA:80,90000
DA:81,90000
DA:83,90000
DA:84,90000
DA:85,90000
DA:86,90000
DA:88,90000
DA:89,90000
DA:90,90000
DA:91,90000
DA:93,1
DA:94,1
DA:95,7
DA:96,2
DA:97,2
DA:99,5
DA:100,5
DA:101,18
DA:102,11
DA:103,5
DA:104,5
DA:106,1
DA:107,1
DA:108,12
DA:109,2
DA:110,2
DA:112,10
DA:113,10
LF:89
LH:88
BRDA:8,0,0,17
BRDA:10,1,0,16
BRDA:11,2,0,15
BRDA:12,3,0,14
BRDA:13,4,0,13
BRDA:15,5,0,5
BRDA:18,6,0,12
BRDA:23,7,0,3
BRDA:26,8,0,0
BRDA:27,9,0,9
BRDA:35,10,0,90000
BRDA:40,11,0,300000
BRDA:45,12,0,10000
BRDA:48,13,0,290000
BRDA:53,14,0,280000
BRDA:53,15,0,10000
BRDA:59,16,0,280000
BRDA:68,17,0,290000
BRDA:21,18,0,31
BRDA:25,19,0,6
BRDA:50,20,0,630000
BRDA:51,21,0,660000
BRDA:65,22,0,590000
BRDA:66,23,0,670000
BRDA:74,24,0,807469
BRDA:75,25,0,802072
BRDA:75,26,0,5397
BRDA:76,27,0,0
BRDA:81,28,0,340000
BRDA:94,29,0,7
BRDA:95,30,0,6
BRDA:95,31,0,2
BRDA:97,32,0,5
BRDA:100,33,0,18
BRDA:101,34,0,12
BRDA:101,35,0,11
BRDA:107,36,0,12
BRDA:108,37,0,11
BRDA:108,38,0,2
BRDA:110,39,0,10
BRDA:112,40,0,24
BRF:41
BRH:39
end_of_record
TN:
SF:src/lib/teamStrength.js
FN:6,calculateTeamStrength
FN:31,getStrengthForAllTeams
FN:43,getNormalizedStrength
FNF:3
FNH:3
FNDA:113,calculateTeamStrength
FNDA:19,getStrengthForAllTeams
FNDA:5,getNormalizedStrength
DA:1,1
DA:2,1
DA:6,1
DA:7,113
DA:8,4
DA:9,4
DA:11,109
DA:12,109
DA:13,109
DA:15,109
DA:16,109
DA:17,113
DA:18,113
DA:19,113
DA:20,113
DA:21,113
DA:22,113
DA:24,113
DA:25,113
DA:27,113
DA:28,113
DA:29,113
DA:31,1
DA:32,19
DA:33,2
DA:34,2
DA:36,17
DA:37,76
DA:38,76
DA:39,17
DA:40,17
DA:42,1
DA:43,1
DA:44,5
DA:45,5
DA:46,5
LF:36
LH:36
BRDA:6,0,0,113
BRDA:7,1,0,110
BRDA:7,2,0,109
BRDA:7,3,0,4
BRDA:9,4,0,109
BRDA:17,5,0,44
BRDA:21,6,0,109
BRDA:22,7,0,0
BRDA:31,8,0,19
BRDA:32,9,0,18
BRDA:32,10,0,2
BRDA:34,11,0,17
BRDA:36,12,0,76
BRDA:43,13,0,5
BRF:14
BRH:13
end_of_record
